{"C:/Users/Асель/OneDrive/Desktop/RSS_REACT_2025/REACT_2025_Q1/nextjs-ssr-pages-api/react_rss_2025/app/hydrateRoot.tsx": {"path":"C:/Users/Асель/OneDrive/Desktop/RSS_REACT_2025/REACT_2025_Q1/nextjs-ssr-pages-api/react_rss_2025/app/hydrateRoot.tsx","statementMap":{"0":{"start":{"line":4,"column":0},"end":{"line":4,"column":null}}},"fnMap":{},"branchMap":{},"s":{"0":0},"f":{},"b":{}}
,"C:/Users/Асель/OneDrive/Desktop/RSS_REACT_2025/REACT_2025_Q1/nextjs-ssr-pages-api/react_rss_2025/app/root.tsx": {"path":"C:/Users/Асель/OneDrive/Desktop/RSS_REACT_2025/REACT_2025_Q1/nextjs-ssr-pages-api/react_rss_2025/app/root.tsx","statementMap":{"0":{"start":{"line":5,"column":2},"end":{"line":8,"column":null}}},"fnMap":{"0":{"name":"Root","decl":{"start":{"line":4,"column":24},"end":{"line":4,"column":31}},"loc":{"start":{"line":4,"column":31},"end":{"line":10,"column":null}}}},"branchMap":{},"s":{"0":0},"f":{"0":0},"b":{}}
,"C:/Users/Асель/OneDrive/Desktop/RSS_REACT_2025/REACT_2025_Q1/nextjs-ssr-pages-api/react_rss_2025/app/components/CallClComponent.tsx": {"path":"C:/Users/Асель/OneDrive/Desktop/RSS_REACT_2025/REACT_2025_Q1/nextjs-ssr-pages-api/react_rss_2025/app/components/CallClComponent.tsx","statementMap":{"0":{"start":{"line":4,"column":24},"end":{"line":6,"column":null}},"1":{"start":{"line":5,"column":2},"end":{"line":5,"column":null}}},"fnMap":{"0":{"name":"(anonymous_0)","decl":{"start":{"line":4,"column":24},"end":{"line":4,"column":25}},"loc":{"start":{"line":4,"column":60},"end":{"line":6,"column":null}}}},"branchMap":{},"s":{"0":1,"1":1},"f":{"0":1},"b":{}}
,"C:/Users/Асель/OneDrive/Desktop/RSS_REACT_2025/REACT_2025_Q1/nextjs-ssr-pages-api/react_rss_2025/app/components/ClientComponents.tsx": {"path":"C:/Users/Асель/OneDrive/Desktop/RSS_REACT_2025/REACT_2025_Q1/nextjs-ssr-pages-api/react_rss_2025/app/components/ClientComponents.tsx","statementMap":{"0":{"start":{"line":5,"column":25},"end":{"line":13,"column":null}},"1":{"start":{"line":6,"column":2},"end":{"line":11,"column":null}}},"fnMap":{"0":{"name":"(anonymous_0)","decl":{"start":{"line":5,"column":25},"end":{"line":5,"column":26}},"loc":{"start":{"line":5,"column":61},"end":{"line":13,"column":null}}}},"branchMap":{},"s":{"0":1,"1":1},"f":{"0":1},"b":{}}
,"C:/Users/Асель/OneDrive/Desktop/RSS_REACT_2025/REACT_2025_Q1/nextjs-ssr-pages-api/react_rss_2025/app/components/ClientLayout.tsx": {"path":"C:/Users/Асель/OneDrive/Desktop/RSS_REACT_2025/REACT_2025_Q1/nextjs-ssr-pages-api/react_rss_2025/app/components/ClientLayout.tsx","statementMap":{"0":{"start":{"line":12,"column":44},"end":{"line":22,"column":null}},"1":{"start":{"line":13,"column":2},"end":{"line":20,"column":null}}},"fnMap":{"0":{"name":"(anonymous_0)","decl":{"start":{"line":12,"column":44},"end":{"line":12,"column":45}},"loc":{"start":{"line":12,"column":62},"end":{"line":22,"column":null}}}},"branchMap":{},"s":{"0":1,"1":1},"f":{"0":1},"b":{}}
,"C:/Users/Асель/OneDrive/Desktop/RSS_REACT_2025/REACT_2025_Q1/nextjs-ssr-pages-api/react_rss_2025/app/components/Details.tsx": {"path":"C:/Users/Асель/OneDrive/Desktop/RSS_REACT_2025/REACT_2025_Q1/nextjs-ssr-pages-api/react_rss_2025/app/components/Details.tsx","statementMap":{"0":{"start":{"line":9,"column":16},"end":{"line":83,"column":null}},"1":{"start":{"line":10,"column":22},"end":{"line":10,"column":null}},"2":{"start":{"line":10,"column":56},"end":{"line":10,"column":68}},"3":{"start":{"line":20,"column":6},"end":{"line":20,"column":null}},"4":{"start":{"line":22,"column":2},"end":{"line":22,"column":null}},"5":{"start":{"line":22,"column":15},"end":{"line":22,"column":null}},"6":{"start":{"line":23,"column":2},"end":{"line":23,"column":null}},"7":{"start":{"line":23,"column":21},"end":{"line":23,"column":null}},"8":{"start":{"line":24,"column":2},"end":{"line":24,"column":null}},"9":{"start":{"line":24,"column":13},"end":{"line":24,"column":null}},"10":{"start":{"line":25,"column":2},"end":{"line":25,"column":null}},"11":{"start":{"line":25,"column":57},"end":{"line":25,"column":null}},"12":{"start":{"line":27,"column":2},"end":{"line":81,"column":null}},"13":{"start":{"line":78,"column":10},"end":{"line":78,"column":null}}},"fnMap":{"0":{"name":"(anonymous_0)","decl":{"start":{"line":9,"column":16},"end":{"line":9,"column":22}},"loc":{"start":{"line":9,"column":22},"end":{"line":83,"column":null}}},"1":{"name":"(anonymous_1)","decl":{"start":{"line":10,"column":34},"end":{"line":10,"column":35}},"loc":{"start":{"line":10,"column":56},"end":{"line":10,"column":68}}},"2":{"name":"(anonymous_2)","decl":{"start":{"line":77,"column":26},"end":{"line":77,"column":27}},"loc":{"start":{"line":77,"column":34},"end":{"line":79,"column":9}}}},"branchMap":{"0":{"loc":{"start":{"line":20,"column":17},"end":{"line":20,"column":30}},"type":"binary-expr","locations":[{"start":{"line":20,"column":17},"end":{"line":20,"column":28}},{"start":{"line":20,"column":28},"end":{"line":20,"column":30}}]},"1":{"loc":{"start":{"line":22,"column":2},"end":{"line":22,"column":null}},"type":"if","locations":[{"start":{"line":22,"column":2},"end":{"line":22,"column":null}},{"start":{},"end":{}}]},"2":{"loc":{"start":{"line":23,"column":2},"end":{"line":23,"column":null}},"type":"if","locations":[{"start":{"line":23,"column":2},"end":{"line":23,"column":null}},{"start":{},"end":{}}]},"3":{"loc":{"start":{"line":24,"column":2},"end":{"line":24,"column":null}},"type":"if","locations":[{"start":{"line":24,"column":2},"end":{"line":24,"column":null}},{"start":{},"end":{}}]},"4":{"loc":{"start":{"line":25,"column":2},"end":{"line":25,"column":null}},"type":"if","locations":[{"start":{"line":25,"column":2},"end":{"line":25,"column":null}},{"start":{},"end":{}}]},"5":{"loc":{"start":{"line":25,"column":6},"end":{"line":25,"column":57}},"type":"binary-expr","locations":[{"start":{"line":25,"column":6},"end":{"line":25,"column":23}},{"start":{"line":25,"column":23},"end":{"line":25,"column":57}}]},"6":{"loc":{"start":{"line":42,"column":29},"end":{"line":42,"column":78}},"type":"cond-expr","locations":[{"start":{"line":42,"column":42},"end":{"line":42,"column":60}},{"start":{"line":42,"column":60},"end":{"line":42,"column":78}}]}},"s":{"0":3,"1":3,"2":6,"3":3,"4":3,"5":1,"6":2,"7":0,"8":2,"9":1,"10":1,"11":0,"12":1,"13":1},"f":{"0":3,"1":6,"2":1},"b":{"0":[3,0],"1":[1,2],"2":[0,2],"3":[1,1],"4":[0,1],"5":[1,1],"6":[0,1]}}
,"C:/Users/Асель/OneDrive/Desktop/RSS_REACT_2025/REACT_2025_Q1/nextjs-ssr-pages-api/react_rss_2025/app/components/EmptyData.tsx": {"path":"C:/Users/Асель/OneDrive/Desktop/RSS_REACT_2025/REACT_2025_Q1/nextjs-ssr-pages-api/react_rss_2025/app/components/EmptyData.tsx","statementMap":{"0":{"start":{"line":1,"column":18},"end":{"line":9,"column":null}},"1":{"start":{"line":2,"column":2},"end":{"line":7,"column":null}}},"fnMap":{"0":{"name":"(anonymous_0)","decl":{"start":{"line":1,"column":18},"end":{"line":1,"column":24}},"loc":{"start":{"line":1,"column":24},"end":{"line":9,"column":null}}}},"branchMap":{},"s":{"0":4,"1":2},"f":{"0":2},"b":{}}
,"C:/Users/Асель/OneDrive/Desktop/RSS_REACT_2025/REACT_2025_Q1/nextjs-ssr-pages-api/react_rss_2025/app/components/IsLoading.tsx": {"path":"C:/Users/Асель/OneDrive/Desktop/RSS_REACT_2025/REACT_2025_Q1/nextjs-ssr-pages-api/react_rss_2025/app/components/IsLoading.tsx","statementMap":{"0":{"start":{"line":3,"column":18},"end":{"line":15,"column":null}},"1":{"start":{"line":4,"column":2},"end":{"line":13,"column":null}}},"fnMap":{"0":{"name":"(anonymous_0)","decl":{"start":{"line":3,"column":18},"end":{"line":3,"column":24}},"loc":{"start":{"line":3,"column":24},"end":{"line":15,"column":null}}}},"branchMap":{},"s":{"0":4,"1":2},"f":{"0":2},"b":{}}
,"C:/Users/Асель/OneDrive/Desktop/RSS_REACT_2025/REACT_2025_Q1/nextjs-ssr-pages-api/react_rss_2025/app/components/MainContent.tsx": {"path":"C:/Users/Асель/OneDrive/Desktop/RSS_REACT_2025/REACT_2025_Q1/nextjs-ssr-pages-api/react_rss_2025/app/components/MainContent.tsx","statementMap":{"0":{"start":{"line":7,"column":20},"end":{"line":17,"column":null}},"1":{"start":{"line":8,"column":20},"end":{"line":8,"column":null}},"2":{"start":{"line":9,"column":2},"end":{"line":9,"column":null}},"3":{"start":{"line":10,"column":2},"end":{"line":15,"column":null}}},"fnMap":{"0":{"name":"(anonymous_0)","decl":{"start":{"line":7,"column":20},"end":{"line":7,"column":21}},"loc":{"start":{"line":7,"column":63},"end":{"line":17,"column":null}}}},"branchMap":{"0":{"loc":{"start":{"line":11,"column":21},"end":{"line":11,"column":null}},"type":"cond-expr","locations":[{"start":{"line":11,"column":41},"end":{"line":11,"column":51}},{"start":{"line":11,"column":51},"end":{"line":11,"column":null}}]}},"s":{"0":1,"1":2,"2":2,"3":2},"f":{"0":2},"b":{"0":[1,1]}}
,"C:/Users/Асель/OneDrive/Desktop/RSS_REACT_2025/REACT_2025_Q1/nextjs-ssr-pages-api/react_rss_2025/app/components/TopControls.tsx": {"path":"C:/Users/Асель/OneDrive/Desktop/RSS_REACT_2025/REACT_2025_Q1/nextjs-ssr-pages-api/react_rss_2025/app/components/TopControls.tsx","statementMap":{"0":{"start":{"line":7,"column":20},"end":{"line":30,"column":null}},"1":{"start":{"line":8,"column":20},"end":{"line":8,"column":null}},"2":{"start":{"line":9,"column":34},"end":{"line":9,"column":null}},"3":{"start":{"line":10,"column":2},"end":{"line":10,"column":null}},"4":{"start":{"line":10,"column":16},"end":{"line":10,"column":null}},"5":{"start":{"line":12,"column":2},"end":{"line":28,"column":null}},"6":{"start":{"line":16,"column":23},"end":{"line":16,"column":null}}},"fnMap":{"0":{"name":"(anonymous_0)","decl":{"start":{"line":7,"column":20},"end":{"line":7,"column":26}},"loc":{"start":{"line":7,"column":26},"end":{"line":30,"column":null}}},"1":{"name":"(anonymous_1)","decl":{"start":{"line":16,"column":17},"end":{"line":16,"column":23}},"loc":{"start":{"line":16,"column":23},"end":{"line":16,"column":null}}}},"branchMap":{"0":{"loc":{"start":{"line":10,"column":2},"end":{"line":10,"column":null}},"type":"if","locations":[{"start":{"line":10,"column":2},"end":{"line":10,"column":null}},{"start":{},"end":{}}]},"1":{"loc":{"start":{"line":23,"column":7},"end":{"line":26,"column":null}},"type":"binary-expr","locations":[{"start":{"line":23,"column":7},"end":{"line":23,"column":null}},{"start":{"line":24,"column":8},"end":{"line":26,"column":null}}]}},"s":{"0":2,"1":10,"2":10,"3":9,"4":2,"5":7,"6":1},"f":{"0":10,"1":1},"b":{"0":[2,7],"1":[7,4]}}
,"C:/Users/Асель/OneDrive/Desktop/RSS_REACT_2025/REACT_2025_Q1/nextjs-ssr-pages-api/react_rss_2025/app/components/cards/CardItem.tsx": {"path":"C:/Users/Асель/OneDrive/Desktop/RSS_REACT_2025/REACT_2025_Q1/nextjs-ssr-pages-api/react_rss_2025/app/components/cards/CardItem.tsx","statementMap":{"0":{"start":{"line":14,"column":24},"end":{"line":14,"column":null}},"1":{"start":{"line":15,"column":25},"end":{"line":15,"column":null}},"2":{"start":{"line":17,"column":36},"end":{"line":87,"column":null}},"3":{"start":{"line":18,"column":19},"end":{"line":18,"column":null}},"4":{"start":{"line":19,"column":22},"end":{"line":21,"column":null}},"5":{"start":{"line":20,"column":26},"end":{"line":20,"column":null}},"6":{"start":{"line":22,"column":22},"end":{"line":24,"column":null}},"7":{"start":{"line":23,"column":26},"end":{"line":23,"column":null}},"8":{"start":{"line":25,"column":38},"end":{"line":27,"column":null}},"9":{"start":{"line":29,"column":21},"end":{"line":48,"column":null}},"10":{"start":{"line":30,"column":22},"end":{"line":30,"column":null}},"11":{"start":{"line":31,"column":4},"end":{"line":46,"column":null}},"12":{"start":{"line":32,"column":23},"end":{"line":37,"column":null}},"13":{"start":{"line":38,"column":6},"end":{"line":41,"column":null}},"14":{"start":{"line":39,"column":8},"end":{"line":39,"column":null}},"15":{"start":{"line":40,"column":8},"end":{"line":40,"column":null}},"16":{"start":{"line":42,"column":6},"end":{"line":45,"column":null}},"17":{"start":{"line":43,"column":8},"end":{"line":43,"column":null}},"18":{"start":{"line":44,"column":8},"end":{"line":44,"column":null}},"19":{"start":{"line":47,"column":4},"end":{"line":47,"column":null}},"20":{"start":{"line":50,"column":2},"end":{"line":55,"column":null}},"21":{"start":{"line":51,"column":4},"end":{"line":52,"column":null}},"22":{"start":{"line":52,"column":6},"end":{"line":52,"column":null}},"23":{"start":{"line":53,"column":4},"end":{"line":54,"column":null}},"24":{"start":{"line":54,"column":6},"end":{"line":54,"column":null}},"25":{"start":{"line":57,"column":2},"end":{"line":85,"column":null}}},"fnMap":{"0":{"name":"(anonymous_0)","decl":{"start":{"line":17,"column":36},"end":{"line":17,"column":37}},"loc":{"start":{"line":17,"column":50},"end":{"line":87,"column":null}}},"1":{"name":"(anonymous_1)","decl":{"start":{"line":20,"column":4},"end":{"line":20,"column":5}},"loc":{"start":{"line":20,"column":26},"end":{"line":20,"column":null}}},"2":{"name":"(anonymous_2)","decl":{"start":{"line":23,"column":4},"end":{"line":23,"column":5}},"loc":{"start":{"line":23,"column":26},"end":{"line":23,"column":null}}},"3":{"name":"(anonymous_3)","decl":{"start":{"line":29,"column":21},"end":{"line":29,"column":22}},"loc":{"start":{"line":29,"column":56},"end":{"line":48,"column":null}}},"4":{"name":"(anonymous_4)","decl":{"start":{"line":50,"column":12},"end":{"line":50,"column":18}},"loc":{"start":{"line":50,"column":18},"end":{"line":55,"column":5}}}},"branchMap":{"0":{"loc":{"start":{"line":20,"column":26},"end":{"line":20,"column":null}},"type":"binary-expr","locations":[{"start":{"line":20,"column":26},"end":{"line":20,"column":42}},{"start":{"line":20,"column":42},"end":{"line":20,"column":null}}]},"1":{"loc":{"start":{"line":23,"column":26},"end":{"line":23,"column":null}},"type":"binary-expr","locations":[{"start":{"line":23,"column":26},"end":{"line":23,"column":57}},{"start":{"line":23,"column":57},"end":{"line":23,"column":null}}]},"2":{"loc":{"start":{"line":26,"column":4},"end":{"line":26,"column":null}},"type":"cond-expr","locations":[{"start":{"line":26,"column":66},"end":{"line":26,"column":73}},{"start":{"line":26,"column":73},"end":{"line":26,"column":null}}]},"3":{"loc":{"start":{"line":26,"column":4},"end":{"line":26,"column":66}},"type":"binary-expr","locations":[{"start":{"line":26,"column":4},"end":{"line":26,"column":34}},{"start":{"line":26,"column":34},"end":{"line":26,"column":66}}]},"4":{"loc":{"start":{"line":31,"column":4},"end":{"line":46,"column":null}},"type":"if","locations":[{"start":{"line":31,"column":4},"end":{"line":46,"column":null}},{"start":{},"end":{}}]},"5":{"loc":{"start":{"line":38,"column":6},"end":{"line":41,"column":null}},"type":"if","locations":[{"start":{"line":38,"column":6},"end":{"line":41,"column":null}},{"start":{},"end":{}}]},"6":{"loc":{"start":{"line":42,"column":6},"end":{"line":45,"column":null}},"type":"if","locations":[{"start":{"line":42,"column":6},"end":{"line":45,"column":null}},{"start":{},"end":{}}]},"7":{"loc":{"start":{"line":51,"column":4},"end":{"line":52,"column":null}},"type":"if","locations":[{"start":{"line":51,"column":4},"end":{"line":52,"column":null}},{"start":{},"end":{}}]},"8":{"loc":{"start":{"line":51,"column":8},"end":{"line":51,"column":null}},"type":"binary-expr","locations":[{"start":{"line":51,"column":8},"end":{"line":51,"column":38}},{"start":{"line":51,"column":38},"end":{"line":51,"column":null}}]},"9":{"loc":{"start":{"line":53,"column":4},"end":{"line":54,"column":null}},"type":"if","locations":[{"start":{"line":53,"column":4},"end":{"line":54,"column":null}},{"start":{},"end":{}}]},"10":{"loc":{"start":{"line":53,"column":8},"end":{"line":53,"column":null}},"type":"binary-expr","locations":[{"start":{"line":53,"column":8},"end":{"line":53,"column":38}},{"start":{"line":53,"column":38},"end":{"line":53,"column":null}}]},"11":{"loc":{"start":{"line":62,"column":17},"end":{"line":62,"column":null}},"type":"cond-expr","locations":[{"start":{"line":62,"column":50},"end":{"line":62,"column":65}},{"start":{"line":62,"column":65},"end":{"line":62,"column":null}}]},"12":{"loc":{"start":{"line":62,"column":17},"end":{"line":62,"column":50}},"type":"binary-expr","locations":[{"start":{"line":62,"column":17},"end":{"line":62,"column":28}},{"start":{"line":62,"column":28},"end":{"line":62,"column":50}}]},"13":{"loc":{"start":{"line":79,"column":20},"end":{"line":79,"column":null}},"type":"cond-expr","locations":[{"start":{"line":79,"column":33},"end":{"line":79,"column":51}},{"start":{"line":79,"column":51},"end":{"line":79,"column":null}}]}},"s":{"0":4,"1":4,"2":4,"3":8,"4":8,"5":14,"6":8,"7":14,"8":8,"9":8,"10":4,"11":4,"12":0,"13":0,"14":0,"15":0,"16":0,"17":0,"18":0,"19":4,"20":8,"21":6,"22":0,"23":6,"24":5,"25":8},"f":{"0":8,"1":14,"2":14,"3":4,"4":6},"b":{"0":[14,8],"1":[14,8],"2":[0,8],"3":[8,7],"4":[0,4],"5":[0,0],"6":[0,0],"7":[0,6],"8":[6,5],"9":[5,1],"10":[6,5],"11":[0,8],"12":[8,0],"13":[0,8]}}
,"C:/Users/Асель/OneDrive/Desktop/RSS_REACT_2025/REACT_2025_Q1/nextjs-ssr-pages-api/react_rss_2025/app/components/cards/DetailsCards.tsx": {"path":"C:/Users/Асель/OneDrive/Desktop/RSS_REACT_2025/REACT_2025_Q1/nextjs-ssr-pages-api/react_rss_2025/app/components/cards/DetailsCards.tsx","statementMap":{"0":{"start":{"line":8,"column":44},"end":{"line":19,"column":null}},"1":{"start":{"line":9,"column":2},"end":{"line":17,"column":null}}},"fnMap":{"0":{"name":"(anonymous_0)","decl":{"start":{"line":8,"column":44},"end":{"line":8,"column":45}},"loc":{"start":{"line":8,"column":57},"end":{"line":19,"column":null}}}},"branchMap":{},"s":{"0":4,"1":2},"f":{"0":2},"b":{}}
,"C:/Users/Асель/OneDrive/Desktop/RSS_REACT_2025/REACT_2025_Q1/nextjs-ssr-pages-api/react_rss_2025/app/components/context/ThemeContext .tsx": {"path":"C:/Users/Асель/OneDrive/Desktop/RSS_REACT_2025/REACT_2025_Q1/nextjs-ssr-pages-api/react_rss_2025/app/components/context/ThemeContext .tsx","statementMap":{"0":{"start":{"line":20,"column":21},"end":{"line":20,"column":null}},"1":{"start":{"line":22,"column":53},"end":{"line":49,"column":null}},"2":{"start":{"line":23,"column":28},"end":{"line":23,"column":null}},"3":{"start":{"line":24,"column":36},"end":{"line":24,"column":null}},"4":{"start":{"line":26,"column":2},"end":{"line":32,"column":null}},"5":{"start":{"line":27,"column":4},"end":{"line":27,"column":null}},"6":{"start":{"line":28,"column":23},"end":{"line":28,"column":null}},"7":{"start":{"line":29,"column":4},"end":{"line":31,"column":null}},"8":{"start":{"line":30,"column":6},"end":{"line":30,"column":null}},"9":{"start":{"line":34,"column":22},"end":{"line":40,"column":null}},"10":{"start":{"line":35,"column":4},"end":{"line":39,"column":null}},"11":{"start":{"line":36,"column":23},"end":{"line":36,"column":null}},"12":{"start":{"line":37,"column":6},"end":{"line":37,"column":null}},"13":{"start":{"line":38,"column":6},"end":{"line":38,"column":null}},"14":{"start":{"line":42,"column":2},"end":{"line":42,"column":null}},"15":{"start":{"line":42,"column":18},"end":{"line":42,"column":null}},"16":{"start":{"line":44,"column":2},"end":{"line":47,"column":null}}},"fnMap":{"0":{"name":"(anonymous_0)","decl":{"start":{"line":22,"column":53},"end":{"line":22,"column":54}},"loc":{"start":{"line":22,"column":71},"end":{"line":49,"column":null}}},"1":{"name":"(anonymous_1)","decl":{"start":{"line":26,"column":12},"end":{"line":26,"column":18}},"loc":{"start":{"line":26,"column":18},"end":{"line":32,"column":5}}},"2":{"name":"(anonymous_2)","decl":{"start":{"line":34,"column":22},"end":{"line":34,"column":28}},"loc":{"start":{"line":34,"column":28},"end":{"line":40,"column":null}}},"3":{"name":"(anonymous_3)","decl":{"start":{"line":35,"column":13},"end":{"line":35,"column":14}},"loc":{"start":{"line":35,"column":28},"end":{"line":39,"column":5}}}},"branchMap":{"0":{"loc":{"start":{"line":29,"column":4},"end":{"line":31,"column":null}},"type":"if","locations":[{"start":{"line":29,"column":4},"end":{"line":31,"column":null}},{"start":{},"end":{}}]},"1":{"loc":{"start":{"line":36,"column":23},"end":{"line":36,"column":null}},"type":"cond-expr","locations":[{"start":{"line":36,"column":47},"end":{"line":36,"column":56}},{"start":{"line":36,"column":56},"end":{"line":36,"column":null}}]},"2":{"loc":{"start":{"line":42,"column":2},"end":{"line":42,"column":null}},"type":"if","locations":[{"start":{"line":42,"column":2},"end":{"line":42,"column":null}},{"start":{},"end":{}}]}},"s":{"0":6,"1":6,"2":29,"3":29,"4":29,"5":14,"6":14,"7":14,"8":0,"9":29,"10":1,"11":1,"12":1,"13":1,"14":29,"15":14,"16":15},"f":{"0":29,"1":14,"2":1,"3":1},"b":{"0":[0,14],"1":[1,0],"2":[14,15]}}
,"C:/Users/Асель/OneDrive/Desktop/RSS_REACT_2025/REACT_2025_Q1/nextjs-ssr-pages-api/react_rss_2025/app/components/dropDownInfo/DownloadFile.tsx": {"path":"C:/Users/Асель/OneDrive/Desktop/RSS_REACT_2025/REACT_2025_Q1/nextjs-ssr-pages-api/react_rss_2025/app/components/dropDownInfo/DownloadFile.tsx","statementMap":{"0":{"start":{"line":8,"column":25},"end":{"line":51,"column":null}},"1":{"start":{"line":9,"column":40},"end":{"line":11,"column":null}},"2":{"start":{"line":10,"column":26},"end":{"line":10,"column":null}},"3":{"start":{"line":13,"column":32},"end":{"line":13,"column":null}},"4":{"start":{"line":15,"column":25},"end":{"line":36,"column":null}},"5":{"start":{"line":16,"column":23},"end":{"line":26,"column":null}},"6":{"start":{"line":18,"column":29},"end":{"line":18,"column":null}},"7":{"start":{"line":20,"column":33},"end":{"line":22,"column":null}},"8":{"start":{"line":21,"column":35},"end":{"line":21,"column":59}},"9":{"start":{"line":24,"column":8},"end":{"line":24,"column":null}},"10":{"start":{"line":28,"column":17},"end":{"line":28,"column":null}},"11":{"start":{"line":29,"column":16},"end":{"line":29,"column":null}},"12":{"start":{"line":31,"column":25},"end":{"line":31,"column":null}},"13":{"start":{"line":32,"column":4},"end":{"line":32,"column":null}},"14":{"start":{"line":33,"column":4},"end":{"line":33,"column":null}},"15":{"start":{"line":34,"column":4},"end":{"line":34,"column":null}},"16":{"start":{"line":35,"column":4},"end":{"line":35,"column":null}},"17":{"start":{"line":38,"column":2},"end":{"line":44,"column":null}},"18":{"start":{"line":39,"column":4},"end":{"line":43,"column":null}},"19":{"start":{"line":40,"column":6},"end":{"line":42,"column":null}},"20":{"start":{"line":41,"column":8},"end":{"line":41,"column":null}},"21":{"start":{"line":46,"column":2},"end":{"line":49,"column":null}}},"fnMap":{"0":{"name":"(anonymous_0)","decl":{"start":{"line":8,"column":25},"end":{"line":8,"column":31}},"loc":{"start":{"line":8,"column":31},"end":{"line":51,"column":null}}},"1":{"name":"(anonymous_1)","decl":{"start":{"line":10,"column":4},"end":{"line":10,"column":5}},"loc":{"start":{"line":10,"column":26},"end":{"line":10,"column":null}}},"2":{"name":"(anonymous_2)","decl":{"start":{"line":15,"column":25},"end":{"line":15,"column":31}},"loc":{"start":{"line":15,"column":31},"end":{"line":36,"column":null}}},"3":{"name":"(anonymous_3)","decl":{"start":{"line":17,"column":11},"end":{"line":17,"column":12}},"loc":{"start":{"line":17,"column":28},"end":{"line":25,"column":7}}},"4":{"name":"(anonymous_4)","decl":{"start":{"line":21,"column":15},"end":{"line":21,"column":16}},"loc":{"start":{"line":21,"column":35},"end":{"line":21,"column":59}}},"5":{"name":"(anonymous_5)","decl":{"start":{"line":38,"column":12},"end":{"line":38,"column":18}},"loc":{"start":{"line":38,"column":18},"end":{"line":44,"column":5}}},"6":{"name":"(anonymous_6)","decl":{"start":{"line":39,"column":11},"end":{"line":39,"column":17}},"loc":{"start":{"line":39,"column":17},"end":{"line":43,"column":null}}}},"branchMap":{"0":{"loc":{"start":{"line":40,"column":6},"end":{"line":42,"column":null}},"type":"if","locations":[{"start":{"line":40,"column":6},"end":{"line":42,"column":null}},{"start":{},"end":{}}]}},"s":{"0":4,"1":9,"2":15,"3":9,"4":9,"5":2,"6":2,"7":2,"8":6,"9":2,"10":2,"11":2,"12":2,"13":2,"14":2,"15":2,"16":2,"17":9,"18":8,"19":8,"20":2,"21":9},"f":{"0":9,"1":15,"2":2,"3":2,"4":6,"5":8,"6":8},"b":{"0":[2,6]}}
,"C:/Users/Асель/OneDrive/Desktop/RSS_REACT_2025/REACT_2025_Q1/nextjs-ssr-pages-api/react_rss_2025/app/components/dropDownInfo/DropDownInfo.tsx": {"path":"C:/Users/Асель/OneDrive/Desktop/RSS_REACT_2025/REACT_2025_Q1/nextjs-ssr-pages-api/react_rss_2025/app/components/dropDownInfo/DropDownInfo.tsx","statementMap":{"0":{"start":{"line":12,"column":21},"end":{"line":67,"column":null}},"1":{"start":{"line":13,"column":19},"end":{"line":13,"column":null}},"2":{"start":{"line":14,"column":26},"end":{"line":14,"column":null}},"3":{"start":{"line":14,"column":60},"end":{"line":14,"column":74}},"4":{"start":{"line":15,"column":20},"end":{"line":15,"column":null}},"5":{"start":{"line":17,"column":28},"end":{"line":17,"column":null}},"6":{"start":{"line":18,"column":42},"end":{"line":18,"column":null}},"7":{"start":{"line":20,"column":29},"end":{"line":22,"column":null}},"8":{"start":{"line":21,"column":4},"end":{"line":21,"column":null}},"9":{"start":{"line":24,"column":2},"end":{"line":27,"column":null}},"10":{"start":{"line":25,"column":4},"end":{"line":25,"column":null}},"11":{"start":{"line":26,"column":4},"end":{"line":26,"column":null}},"12":{"start":{"line":29,"column":2},"end":{"line":29,"column":null}},"13":{"start":{"line":29,"column":14},"end":{"line":29,"column":null}},"14":{"start":{"line":31,"column":2},"end":{"line":65,"column":null}},"15":{"start":{"line":47,"column":29},"end":{"line":47,"column":null}}},"fnMap":{"0":{"name":"(anonymous_0)","decl":{"start":{"line":12,"column":21},"end":{"line":12,"column":27}},"loc":{"start":{"line":12,"column":27},"end":{"line":67,"column":null}}},"1":{"name":"(anonymous_1)","decl":{"start":{"line":14,"column":38},"end":{"line":14,"column":39}},"loc":{"start":{"line":14,"column":60},"end":{"line":14,"column":74}}},"2":{"name":"(anonymous_2)","decl":{"start":{"line":20,"column":29},"end":{"line":20,"column":35}},"loc":{"start":{"line":20,"column":35},"end":{"line":22,"column":null}}},"3":{"name":"(anonymous_3)","decl":{"start":{"line":24,"column":12},"end":{"line":24,"column":18}},"loc":{"start":{"line":24,"column":18},"end":{"line":27,"column":5}}},"4":{"name":"(anonymous_4)","decl":{"start":{"line":47,"column":23},"end":{"line":47,"column":29}},"loc":{"start":{"line":47,"column":29},"end":{"line":47,"column":null}}}},"branchMap":{"0":{"loc":{"start":{"line":29,"column":2},"end":{"line":29,"column":null}},"type":"if","locations":[{"start":{"line":29,"column":2},"end":{"line":29,"column":null}},{"start":{},"end":{}}]},"1":{"loc":{"start":{"line":35,"column":10},"end":{"line":35,"column":null}},"type":"cond-expr","locations":[{"start":{"line":35,"column":30},"end":{"line":35,"column":55}},{"start":{"line":35,"column":55},"end":{"line":35,"column":null}}]},"2":{"loc":{"start":{"line":42,"column":11},"end":{"line":43,"column":null}},"type":"binary-expr","locations":[{"start":{"line":42,"column":11},"end":{"line":42,"column":null}},{"start":{"line":43,"column":12},"end":{"line":43,"column":null}}]},"3":{"loc":{"start":{"line":45,"column":11},"end":{"line":51,"column":null}},"type":"binary-expr","locations":[{"start":{"line":45,"column":11},"end":{"line":45,"column":null}},{"start":{"line":46,"column":12},"end":{"line":51,"column":null}}]}},"s":{"0":3,"1":15,"2":15,"3":24,"4":15,"5":15,"6":15,"7":15,"8":0,"9":15,"10":7,"11":7,"12":15,"13":10,"14":5,"15":1},"f":{"0":15,"1":24,"2":0,"3":7,"4":1},"b":{"0":[10,5],"1":[5,0],"2":[5,1],"3":[5,4]}}
,"C:/Users/Асель/OneDrive/Desktop/RSS_REACT_2025/REACT_2025_Q1/nextjs-ssr-pages-api/react_rss_2025/app/components/dropDownInfo/MoreInformation.tsx": {"path":"C:/Users/Асель/OneDrive/Desktop/RSS_REACT_2025/REACT_2025_Q1/nextjs-ssr-pages-api/react_rss_2025/app/components/dropDownInfo/MoreInformation.tsx","statementMap":{"0":{"start":{"line":10,"column":35},"end":{"line":29,"column":null}},"1":{"start":{"line":11,"column":40},"end":{"line":13,"column":null}},"2":{"start":{"line":12,"column":26},"end":{"line":12,"column":null}},"3":{"start":{"line":15,"column":22},"end":{"line":17,"column":null}},"4":{"start":{"line":16,"column":4},"end":{"line":16,"column":null}},"5":{"start":{"line":19,"column":2},"end":{"line":27,"column":null}},"6":{"start":{"line":23,"column":8},"end":{"line":25,"column":null}}},"fnMap":{"0":{"name":"(anonymous_0)","decl":{"start":{"line":10,"column":35},"end":{"line":10,"column":36}},"loc":{"start":{"line":10,"column":60},"end":{"line":29,"column":null}}},"1":{"name":"(anonymous_1)","decl":{"start":{"line":12,"column":4},"end":{"line":12,"column":5}},"loc":{"start":{"line":12,"column":26},"end":{"line":12,"column":null}}},"2":{"name":"(anonymous_2)","decl":{"start":{"line":15,"column":22},"end":{"line":15,"column":28}},"loc":{"start":{"line":15,"column":28},"end":{"line":17,"column":null}}},"3":{"name":"(anonymous_3)","decl":{"start":{"line":22,"column":23},"end":{"line":22,"column":24}},"loc":{"start":{"line":23,"column":8},"end":{"line":25,"column":null}}}},"branchMap":{},"s":{"0":3,"1":1,"2":2,"3":1,"4":0,"5":1,"6":1},"f":{"0":1,"1":2,"2":0,"3":1},"b":{}}
,"C:/Users/Асель/OneDrive/Desktop/RSS_REACT_2025/REACT_2025_Q1/nextjs-ssr-pages-api/react_rss_2025/app/components/errorBoundary/ErrorBoundary.tsx": {"path":"C:/Users/Асель/OneDrive/Desktop/RSS_REACT_2025/REACT_2025_Q1/nextjs-ssr-pages-api/react_rss_2025/app/components/errorBoundary/ErrorBoundary.tsx","statementMap":{"0":{"start":{"line":16,"column":4},"end":{"line":16,"column":null}},"1":{"start":{"line":17,"column":4},"end":{"line":17,"column":null}},"2":{"start":{"line":20,"column":4},"end":{"line":20,"column":null}},"3":{"start":{"line":21,"column":4},"end":{"line":21,"column":null}},"4":{"start":{"line":24,"column":17},"end":{"line":24,"column":null}},"5":{"start":{"line":24,"column":24},"end":{"line":24,"column":null}},"6":{"start":{"line":27,"column":4},"end":{"line":29,"column":null}},"7":{"start":{"line":30,"column":4},"end":{"line":30,"column":null}},"8":{"start":{"line":34,"column":25},"end":{"line":34,"column":null}},"9":{"start":{"line":36,"column":4},"end":{"line":45,"column":null}},"10":{"start":{"line":37,"column":6},"end":{"line":43,"column":null}},"11":{"start":{"line":47,"column":4},"end":{"line":47,"column":null}}},"fnMap":{"0":{"name":"(anonymous_0)","decl":{"start":{"line":15,"column":2},"end":{"line":15,"column":14}},"loc":{"start":{"line":15,"column":41},"end":{"line":18,"column":null}}},"1":{"name":"(anonymous_1)","decl":{"start":{"line":19,"column":2},"end":{"line":19,"column":9}},"loc":{"start":{"line":19,"column":68},"end":{"line":22,"column":null}}},"2":{"name":"(anonymous_2)","decl":{"start":{"line":24,"column":17},"end":{"line":24,"column":24}},"loc":{"start":{"line":24,"column":24},"end":{"line":24,"column":null}}},"3":{"name":"(anonymous_3)","decl":{"start":{"line":26,"column":2},"end":{"line":26,"column":20}},"loc":{"start":{"line":26,"column":62},"end":{"line":31,"column":null}}},"4":{"name":"(anonymous_4)","decl":{"start":{"line":33,"column":2},"end":{"line":33,"column":22}},"loc":{"start":{"line":33,"column":22},"end":{"line":48,"column":null}}}},"branchMap":{"0":{"loc":{"start":{"line":36,"column":4},"end":{"line":45,"column":null}},"type":"if","locations":[{"start":{"line":36,"column":4},"end":{"line":45,"column":null}},{"start":{},"end":{}}]}},"s":{"0":5,"1":4,"2":2,"3":2,"4":4,"5":0,"6":1,"7":1,"8":7,"9":7,"10":3,"11":4},"f":{"0":5,"1":2,"2":0,"3":1,"4":7},"b":{"0":[3,4]}}
,"C:/Users/Асель/OneDrive/Desktop/RSS_REACT_2025/REACT_2025_Q1/nextjs-ssr-pages-api/react_rss_2025/app/components/footer/Footer.tsx": {"path":"C:/Users/Асель/OneDrive/Desktop/RSS_REACT_2025/REACT_2025_Q1/nextjs-ssr-pages-api/react_rss_2025/app/components/footer/Footer.tsx","statementMap":{"0":{"start":{"line":5,"column":19},"end":{"line":13,"column":null}},"1":{"start":{"line":6,"column":2},"end":{"line":11,"column":null}}},"fnMap":{"0":{"name":"(anonymous_0)","decl":{"start":{"line":5,"column":19},"end":{"line":5,"column":25}},"loc":{"start":{"line":5,"column":25},"end":{"line":13,"column":null}}}},"branchMap":{},"s":{"0":1,"1":1},"f":{"0":1},"b":{}}
,"C:/Users/Асель/OneDrive/Desktop/RSS_REACT_2025/REACT_2025_Q1/nextjs-ssr-pages-api/react_rss_2025/app/components/header/Header.tsx": {"path":"C:/Users/Асель/OneDrive/Desktop/RSS_REACT_2025/REACT_2025_Q1/nextjs-ssr-pages-api/react_rss_2025/app/components/header/Header.tsx","statementMap":{"0":{"start":{"line":10,"column":19},"end":{"line":47,"column":null}},"1":{"start":{"line":11,"column":33},"end":{"line":11,"column":null}},"2":{"start":{"line":12,"column":36},"end":{"line":12,"column":null}},"3":{"start":{"line":14,"column":2},"end":{"line":16,"column":null}},"4":{"start":{"line":15,"column":4},"end":{"line":15,"column":null}},"5":{"start":{"line":18,"column":2},"end":{"line":18,"column":null}},"6":{"start":{"line":18,"column":18},"end":{"line":18,"column":null}},"7":{"start":{"line":20,"column":2},"end":{"line":45,"column":null}}},"fnMap":{"0":{"name":"(anonymous_0)","decl":{"start":{"line":10,"column":19},"end":{"line":10,"column":25}},"loc":{"start":{"line":10,"column":25},"end":{"line":47,"column":null}}},"1":{"name":"(anonymous_1)","decl":{"start":{"line":14,"column":12},"end":{"line":14,"column":18}},"loc":{"start":{"line":14,"column":18},"end":{"line":16,"column":5}}}},"branchMap":{"0":{"loc":{"start":{"line":18,"column":2},"end":{"line":18,"column":null}},"type":"if","locations":[{"start":{"line":18,"column":2},"end":{"line":18,"column":null}},{"start":{},"end":{}}]},"1":{"loc":{"start":{"line":33,"column":13},"end":{"line":40,"column":null}},"type":"cond-expr","locations":[{"start":{"line":34,"column":14},"end":{"line":36,"column":null}},{"start":{"line":38,"column":14},"end":{"line":40,"column":null}}]}},"s":{"0":1,"1":9,"2":9,"3":9,"4":4,"5":9,"6":4,"7":5},"f":{"0":9,"1":4},"b":{"0":[4,5],"1":[4,1]}}
,"C:/Users/Асель/OneDrive/Desktop/RSS_REACT_2025/REACT_2025_Q1/nextjs-ssr-pages-api/react_rss_2025/app/components/icons/CarIcon.tsx": {"path":"C:/Users/Асель/OneDrive/Desktop/RSS_REACT_2025/REACT_2025_Q1/nextjs-ssr-pages-api/react_rss_2025/app/components/icons/CarIcon.tsx","statementMap":{"0":{"start":{"line":4,"column":30},"end":{"line":16,"column":null}},"1":{"start":{"line":5,"column":2},"end":{"line":14,"column":null}}},"fnMap":{"0":{"name":"(anonymous_0)","decl":{"start":{"line":4,"column":30},"end":{"line":4,"column":31}},"loc":{"start":{"line":4,"column":61},"end":{"line":16,"column":null}}}},"branchMap":{"0":{"loc":{"start":{"line":4,"column":39},"end":{"line":4,"column":55}},"type":"default-arg","locations":[{"start":{"line":4,"column":48},"end":{"line":4,"column":55}}]}},"s":{"0":1,"1":5},"f":{"0":5},"b":{"0":[5]}}
,"C:/Users/Асель/OneDrive/Desktop/RSS_REACT_2025/REACT_2025_Q1/nextjs-ssr-pages-api/react_rss_2025/app/components/icons/ChooseIcone.tsx": {"path":"C:/Users/Асель/OneDrive/Desktop/RSS_REACT_2025/REACT_2025_Q1/nextjs-ssr-pages-api/react_rss_2025/app/components/icons/ChooseIcone.tsx","statementMap":{"0":{"start":{"line":4,"column":34},"end":{"line":17,"column":null}},"1":{"start":{"line":5,"column":2},"end":{"line":15,"column":null}}},"fnMap":{"0":{"name":"(anonymous_0)","decl":{"start":{"line":4,"column":34},"end":{"line":4,"column":35}},"loc":{"start":{"line":4,"column":65},"end":{"line":17,"column":null}}}},"branchMap":{"0":{"loc":{"start":{"line":4,"column":43},"end":{"line":4,"column":59}},"type":"default-arg","locations":[{"start":{"line":4,"column":52},"end":{"line":4,"column":59}}]}},"s":{"0":7,"1":15},"f":{"0":15},"b":{"0":[15]}}
,"C:/Users/Асель/OneDrive/Desktop/RSS_REACT_2025/REACT_2025_Q1/nextjs-ssr-pages-api/react_rss_2025/app/components/icons/CloseIcon.tsx": {"path":"C:/Users/Асель/OneDrive/Desktop/RSS_REACT_2025/REACT_2025_Q1/nextjs-ssr-pages-api/react_rss_2025/app/components/icons/CloseIcon.tsx","statementMap":{"0":{"start":{"line":4,"column":32},"end":{"line":16,"column":null}},"1":{"start":{"line":5,"column":2},"end":{"line":14,"column":null}}},"fnMap":{"0":{"name":"(anonymous_0)","decl":{"start":{"line":4,"column":32},"end":{"line":4,"column":33}},"loc":{"start":{"line":4,"column":63},"end":{"line":16,"column":null}}}},"branchMap":{"0":{"loc":{"start":{"line":4,"column":41},"end":{"line":4,"column":57}},"type":"default-arg","locations":[{"start":{"line":4,"column":50},"end":{"line":4,"column":57}}]}},"s":{"0":1,"1":3},"f":{"0":3},"b":{"0":[1]}}
,"C:/Users/Асель/OneDrive/Desktop/RSS_REACT_2025/REACT_2025_Q1/nextjs-ssr-pages-api/react_rss_2025/app/components/icons/DownloadIcon.tsx": {"path":"C:/Users/Асель/OneDrive/Desktop/RSS_REACT_2025/REACT_2025_Q1/nextjs-ssr-pages-api/react_rss_2025/app/components/icons/DownloadIcon.tsx","statementMap":{"0":{"start":{"line":4,"column":35},"end":{"line":16,"column":null}},"1":{"start":{"line":5,"column":2},"end":{"line":14,"column":null}}},"fnMap":{"0":{"name":"(anonymous_0)","decl":{"start":{"line":4,"column":35},"end":{"line":4,"column":36}},"loc":{"start":{"line":4,"column":66},"end":{"line":16,"column":null}}}},"branchMap":{"0":{"loc":{"start":{"line":4,"column":44},"end":{"line":4,"column":60}},"type":"default-arg","locations":[{"start":{"line":4,"column":53},"end":{"line":4,"column":60}}]}},"s":{"0":4,"1":9},"f":{"0":9},"b":{"0":[9]}}
,"C:/Users/Асель/OneDrive/Desktop/RSS_REACT_2025/REACT_2025_Q1/nextjs-ssr-pages-api/react_rss_2025/app/components/icons/MooneIcon.tsx": {"path":"C:/Users/Асель/OneDrive/Desktop/RSS_REACT_2025/REACT_2025_Q1/nextjs-ssr-pages-api/react_rss_2025/app/components/icons/MooneIcon.tsx","statementMap":{"0":{"start":{"line":4,"column":32},"end":{"line":16,"column":null}},"1":{"start":{"line":5,"column":2},"end":{"line":14,"column":null}}},"fnMap":{"0":{"name":"(anonymous_0)","decl":{"start":{"line":4,"column":32},"end":{"line":4,"column":33}},"loc":{"start":{"line":4,"column":63},"end":{"line":16,"column":null}}}},"branchMap":{"0":{"loc":{"start":{"line":4,"column":41},"end":{"line":4,"column":57}},"type":"default-arg","locations":[{"start":{"line":4,"column":50},"end":{"line":4,"column":57}}]}},"s":{"0":1,"1":4},"f":{"0":4},"b":{"0":[4]}}
,"C:/Users/Асель/OneDrive/Desktop/RSS_REACT_2025/REACT_2025_Q1/nextjs-ssr-pages-api/react_rss_2025/app/components/icons/SunIcon.tsx": {"path":"C:/Users/Асель/OneDrive/Desktop/RSS_REACT_2025/REACT_2025_Q1/nextjs-ssr-pages-api/react_rss_2025/app/components/icons/SunIcon.tsx","statementMap":{"0":{"start":{"line":4,"column":30},"end":{"line":16,"column":null}},"1":{"start":{"line":5,"column":2},"end":{"line":14,"column":null}}},"fnMap":{"0":{"name":"(anonymous_0)","decl":{"start":{"line":4,"column":30},"end":{"line":4,"column":31}},"loc":{"start":{"line":4,"column":61},"end":{"line":16,"column":null}}}},"branchMap":{"0":{"loc":{"start":{"line":4,"column":39},"end":{"line":4,"column":55}},"type":"default-arg","locations":[{"start":{"line":4,"column":48},"end":{"line":4,"column":55}}]}},"s":{"0":1,"1":1},"f":{"0":1},"b":{"0":[0]}}
,"C:/Users/Асель/OneDrive/Desktop/RSS_REACT_2025/REACT_2025_Q1/nextjs-ssr-pages-api/react_rss_2025/app/components/icons/TrashIcon.tsx": {"path":"C:/Users/Асель/OneDrive/Desktop/RSS_REACT_2025/REACT_2025_Q1/nextjs-ssr-pages-api/react_rss_2025/app/components/icons/TrashIcon.tsx","statementMap":{"0":{"start":{"line":4,"column":32},"end":{"line":16,"column":null}},"1":{"start":{"line":5,"column":2},"end":{"line":14,"column":null}}},"fnMap":{"0":{"name":"(anonymous_0)","decl":{"start":{"line":4,"column":32},"end":{"line":4,"column":33}},"loc":{"start":{"line":4,"column":63},"end":{"line":16,"column":null}}}},"branchMap":{"0":{"loc":{"start":{"line":4,"column":41},"end":{"line":4,"column":57}},"type":"default-arg","locations":[{"start":{"line":4,"column":50},"end":{"line":4,"column":57}}]}},"s":{"0":3,"1":5},"f":{"0":5},"b":{"0":[5]}}
,"C:/Users/Асель/OneDrive/Desktop/RSS_REACT_2025/REACT_2025_Q1/nextjs-ssr-pages-api/react_rss_2025/app/components/logo/Logo.tsx": {"path":"C:/Users/Асель/OneDrive/Desktop/RSS_REACT_2025/REACT_2025_Q1/nextjs-ssr-pages-api/react_rss_2025/app/components/logo/Logo.tsx","statementMap":{"0":{"start":{"line":5,"column":13},"end":{"line":15,"column":null}},"1":{"start":{"line":6,"column":2},"end":{"line":13,"column":null}}},"fnMap":{"0":{"name":"(anonymous_0)","decl":{"start":{"line":5,"column":13},"end":{"line":5,"column":19}},"loc":{"start":{"line":5,"column":19},"end":{"line":15,"column":null}}}},"branchMap":{},"s":{"0":2,"1":6},"f":{"0":6},"b":{}}
,"C:/Users/Асель/OneDrive/Desktop/RSS_REACT_2025/REACT_2025_Q1/nextjs-ssr-pages-api/react_rss_2025/app/components/pagination/Pagination.tsx": {"path":"C:/Users/Асель/OneDrive/Desktop/RSS_REACT_2025/REACT_2025_Q1/nextjs-ssr-pages-api/react_rss_2025/app/components/pagination/Pagination.tsx","statementMap":{"0":{"start":{"line":10,"column":40},"end":{"line":34,"column":null}},"1":{"start":{"line":11,"column":19},"end":{"line":11,"column":null}},"2":{"start":{"line":12,"column":26},"end":{"line":12,"column":null}},"3":{"start":{"line":12,"column":60},"end":{"line":12,"column":72}},"4":{"start":{"line":14,"column":24},"end":{"line":16,"column":null}},"5":{"start":{"line":15,"column":4},"end":{"line":15,"column":null}},"6":{"start":{"line":18,"column":2},"end":{"line":32,"column":null}},"7":{"start":{"line":21,"column":8},"end":{"line":29,"column":null}}},"fnMap":{"0":{"name":"(anonymous_0)","decl":{"start":{"line":10,"column":40},"end":{"line":10,"column":41}},"loc":{"start":{"line":10,"column":55},"end":{"line":34,"column":null}}},"1":{"name":"(anonymous_1)","decl":{"start":{"line":12,"column":38},"end":{"line":12,"column":39}},"loc":{"start":{"line":12,"column":60},"end":{"line":12,"column":72}}},"2":{"name":"(anonymous_2)","decl":{"start":{"line":14,"column":24},"end":{"line":14,"column":25}},"loc":{"start":{"line":14,"column":63},"end":{"line":16,"column":null}}},"3":{"name":"(anonymous_3)","decl":{"start":{"line":20,"column":17},"end":{"line":20,"column":18}},"loc":{"start":{"line":20,"column":28},"end":{"line":31,"column":7}}}},"branchMap":{"0":{"loc":{"start":{"line":23,"column":23},"end":{"line":23,"column":null}},"type":"cond-expr","locations":[{"start":{"line":23,"column":44},"end":{"line":23,"column":64}},{"start":{"line":23,"column":64},"end":{"line":23,"column":null}}]}},"s":{"0":4,"1":13,"2":13,"3":14,"4":13,"5":1,"6":13,"7":37},"f":{"0":13,"1":14,"2":1,"3":37},"b":{"0":[10,27]}}
,"C:/Users/Асель/OneDrive/Desktop/RSS_REACT_2025/REACT_2025_Q1/nextjs-ssr-pages-api/react_rss_2025/app/components/results/Result.tsx": {"path":"C:/Users/Асель/OneDrive/Desktop/RSS_REACT_2025/REACT_2025_Q1/nextjs-ssr-pages-api/react_rss_2025/app/components/results/Result.tsx","statementMap":{"0":{"start":{"line":12,"column":15},"end":{"line":49,"column":null}},"1":{"start":{"line":13,"column":19},"end":{"line":13,"column":null}},"2":{"start":{"line":15,"column":4},"end":{"line":15,"column":null}},"3":{"start":{"line":17,"column":32},"end":{"line":20,"column":null}},"4":{"start":{"line":18,"column":19},"end":{"line":18,"column":null}},"5":{"start":{"line":19,"column":4},"end":{"line":19,"column":null}},"6":{"start":{"line":19,"column":29},"end":{"line":19,"column":null}},"7":{"start":{"line":22,"column":2},"end":{"line":22,"column":null}},"8":{"start":{"line":22,"column":26},"end":{"line":22,"column":null}},"9":{"start":{"line":23,"column":2},"end":{"line":23,"column":null}},"10":{"start":{"line":23,"column":13},"end":{"line":23,"column":null}},"11":{"start":{"line":24,"column":2},"end":{"line":24,"column":null}},"12":{"start":{"line":24,"column":49},"end":{"line":24,"column":null}},"13":{"start":{"line":26,"column":2},"end":{"line":47,"column":null}},"14":{"start":{"line":41,"column":25},"end":{"line":41,"column":59}},"15":{"start":{"line":45,"column":25},"end":{"line":45,"column":59}}},"fnMap":{"0":{"name":"(anonymous_0)","decl":{"start":{"line":12,"column":15},"end":{"line":12,"column":16}},"loc":{"start":{"line":12,"column":57},"end":{"line":49,"column":null}}},"1":{"name":"(anonymous_1)","decl":{"start":{"line":17,"column":32},"end":{"line":17,"column":33}},"loc":{"start":{"line":17,"column":71},"end":{"line":20,"column":null}}},"2":{"name":"(anonymous_2)","decl":{"start":{"line":41,"column":17},"end":{"line":41,"column":18}},"loc":{"start":{"line":41,"column":25},"end":{"line":41,"column":59}}},"3":{"name":"(anonymous_3)","decl":{"start":{"line":45,"column":17},"end":{"line":45,"column":18}},"loc":{"start":{"line":45,"column":25},"end":{"line":45,"column":59}}}},"branchMap":{"0":{"loc":{"start":{"line":19,"column":4},"end":{"line":19,"column":null}},"type":"if","locations":[{"start":{"line":19,"column":4},"end":{"line":19,"column":null}},{"start":{},"end":{}}]},"1":{"loc":{"start":{"line":22,"column":2},"end":{"line":22,"column":null}},"type":"if","locations":[{"start":{"line":22,"column":2},"end":{"line":22,"column":null}},{"start":{},"end":{}}]},"2":{"loc":{"start":{"line":22,"column":6},"end":{"line":22,"column":26}},"type":"binary-expr","locations":[{"start":{"line":22,"column":6},"end":{"line":22,"column":16}},{"start":{"line":22,"column":16},"end":{"line":22,"column":26}}]},"3":{"loc":{"start":{"line":23,"column":2},"end":{"line":23,"column":null}},"type":"if","locations":[{"start":{"line":23,"column":2},"end":{"line":23,"column":null}},{"start":{},"end":{}}]},"4":{"loc":{"start":{"line":24,"column":2},"end":{"line":24,"column":null}},"type":"if","locations":[{"start":{"line":24,"column":2},"end":{"line":24,"column":null}},{"start":{},"end":{}}]},"5":{"loc":{"start":{"line":24,"column":6},"end":{"line":24,"column":49}},"type":"binary-expr","locations":[{"start":{"line":24,"column":6},"end":{"line":24,"column":27}},{"start":{"line":24,"column":27},"end":{"line":24,"column":49}}]},"6":{"loc":{"start":{"line":32,"column":25},"end":{"line":32,"column":58}},"type":"cond-expr","locations":[{"start":{"line":32,"column":45},"end":{"line":32,"column":51}},{"start":{"line":32,"column":51},"end":{"line":32,"column":58}}]},"7":{"loc":{"start":{"line":35,"column":10},"end":{"line":35,"column":null}},"type":"cond-expr","locations":[{"start":{"line":35,"column":20},"end":{"line":35,"column":51}},{"start":{"line":35,"column":51},"end":{"line":35,"column":null}}]},"8":{"loc":{"start":{"line":38,"column":9},"end":{"line":41,"column":null}},"type":"binary-expr","locations":[{"start":{"line":38,"column":9},"end":{"line":38,"column":null}},{"start":{"line":39,"column":10},"end":{"line":41,"column":null}}]},"9":{"loc":{"start":{"line":42,"column":9},"end":{"line":45,"column":null}},"type":"binary-expr","locations":[{"start":{"line":42,"column":9},"end":{"line":42,"column":null}},{"start":{"line":43,"column":10},"end":{"line":45,"column":null}}]}},"s":{"0":3,"1":15,"2":15,"3":15,"4":1,"5":1,"6":1,"7":15,"8":1,"9":14,"10":1,"11":13,"12":1,"13":12,"14":3,"15":1},"f":{"0":15,"1":1,"2":3,"3":1},"b":{"0":[1,0],"1":[1,14],"2":[15,1],"3":[1,13],"4":[1,12],"5":[13,4],"6":[3,9],"7":[1,11],"8":[12,3],"9":[12,9]}}
,"C:/Users/Асель/OneDrive/Desktop/RSS_REACT_2025/REACT_2025_Q1/nextjs-ssr-pages-api/react_rss_2025/app/components/results/Results.tsx": {"path":"C:/Users/Асель/OneDrive/Desktop/RSS_REACT_2025/REACT_2025_Q1/nextjs-ssr-pages-api/react_rss_2025/app/components/results/Results.tsx","statementMap":{"0":{"start":{"line":9,"column":16},"end":{"line":34,"column":null}},"1":{"start":{"line":10,"column":22},"end":{"line":15,"column":null}},"2":{"start":{"line":11,"column":4},"end":{"line":13,"column":null}},"3":{"start":{"line":12,"column":6},"end":{"line":12,"column":null}},"4":{"start":{"line":14,"column":4},"end":{"line":14,"column":null}},"5":{"start":{"line":16,"column":36},"end":{"line":16,"column":null}},"6":{"start":{"line":18,"column":2},"end":{"line":20,"column":null}},"7":{"start":{"line":19,"column":4},"end":{"line":19,"column":null}},"8":{"start":{"line":22,"column":2},"end":{"line":22,"column":null}},"9":{"start":{"line":22,"column":18},"end":{"line":22,"column":null}},"10":{"start":{"line":24,"column":2},"end":{"line":32,"column":null}}},"fnMap":{"0":{"name":"(anonymous_0)","decl":{"start":{"line":9,"column":16},"end":{"line":9,"column":17}},"loc":{"start":{"line":9,"column":52},"end":{"line":34,"column":null}}},"1":{"name":"(anonymous_1)","decl":{"start":{"line":10,"column":34},"end":{"line":10,"column":35}},"loc":{"start":{"line":10,"column":56},"end":{"line":15,"column":3}}},"2":{"name":"(anonymous_2)","decl":{"start":{"line":18,"column":12},"end":{"line":18,"column":18}},"loc":{"start":{"line":18,"column":18},"end":{"line":20,"column":5}}}},"branchMap":{"0":{"loc":{"start":{"line":11,"column":4},"end":{"line":13,"column":null}},"type":"if","locations":[{"start":{"line":11,"column":4},"end":{"line":13,"column":null}},{"start":{},"end":{}}]},"1":{"loc":{"start":{"line":22,"column":2},"end":{"line":22,"column":null}},"type":"if","locations":[{"start":{"line":22,"column":2},"end":{"line":22,"column":null}},{"start":{},"end":{}}]},"2":{"loc":{"start":{"line":27,"column":17},"end":{"line":27,"column":null}},"type":"cond-expr","locations":[{"start":{"line":27,"column":27},"end":{"line":27,"column":57}},{"start":{"line":27,"column":57},"end":{"line":27,"column":null}}]},"3":{"loc":{"start":{"line":30,"column":7},"end":{"line":30,"column":null}},"type":"binary-expr","locations":[{"start":{"line":30,"column":7},"end":{"line":30,"column":18}},{"start":{"line":30,"column":18},"end":{"line":30,"column":null}}]}},"s":{"0":2,"1":7,"2":14,"3":0,"4":14,"5":7,"6":7,"7":3,"8":7,"9":3,"10":4},"f":{"0":7,"1":14,"2":3},"b":{"0":[0,14],"1":[3,4],"2":[0,4],"3":[4,0]}}
,"C:/Users/Асель/OneDrive/Desktop/RSS_REACT_2025/REACT_2025_Q1/nextjs-ssr-pages-api/react_rss_2025/app/components/searchInputs/BreedList.tsx": {"path":"C:/Users/Асель/OneDrive/Desktop/RSS_REACT_2025/REACT_2025_Q1/nextjs-ssr-pages-api/react_rss_2025/app/components/searchInputs/BreedList.tsx","statementMap":{"0":{"start":{"line":10,"column":38},"end":{"line":34,"column":null}},"1":{"start":{"line":15,"column":2},"end":{"line":17,"column":null}},"2":{"start":{"line":16,"column":4},"end":{"line":16,"column":null}},"3":{"start":{"line":19,"column":2},"end":{"line":32,"column":null}},"4":{"start":{"line":28,"column":8},"end":{"line":30,"column":null}}},"fnMap":{"0":{"name":"(anonymous_0)","decl":{"start":{"line":10,"column":38},"end":{"line":10,"column":39}},"loc":{"start":{"line":14,"column":6},"end":{"line":34,"column":null}}},"1":{"name":"(anonymous_1)","decl":{"start":{"line":27,"column":24},"end":{"line":27,"column":25}},"loc":{"start":{"line":28,"column":8},"end":{"line":30,"column":null}}}},"branchMap":{"0":{"loc":{"start":{"line":15,"column":2},"end":{"line":17,"column":null}},"type":"if","locations":[{"start":{"line":15,"column":2},"end":{"line":17,"column":null}},{"start":{},"end":{}}]},"1":{"loc":{"start":{"line":22,"column":8},"end":{"line":24,"column":null}},"type":"cond-expr","locations":[{"start":{"line":23,"column":12},"end":{"line":23,"column":null}},{"start":{"line":24,"column":12},"end":{"line":24,"column":null}}]}},"s":{"0":3,"1":6,"2":3,"3":3,"4":6},"f":{"0":6,"1":6},"b":{"0":[3,3],"1":[2,1]}}
,"C:/Users/Асель/OneDrive/Desktop/RSS_REACT_2025/REACT_2025_Q1/nextjs-ssr-pages-api/react_rss_2025/app/components/searchInputs/InputField.tsx": {"path":"C:/Users/Асель/OneDrive/Desktop/RSS_REACT_2025/REACT_2025_Q1/nextjs-ssr-pages-api/react_rss_2025/app/components/searchInputs/InputField.tsx","statementMap":{"0":{"start":{"line":10,"column":40},"end":{"line":24,"column":null}},"1":{"start":{"line":16,"column":2},"end":{"line":24,"column":null}}},"fnMap":{"0":{"name":"(anonymous_0)","decl":{"start":{"line":10,"column":40},"end":{"line":10,"column":41}},"loc":{"start":{"line":16,"column":2},"end":{"line":24,"column":null}}}},"branchMap":{},"s":{"0":2,"1":20},"f":{"0":20},"b":{}}
,"C:/Users/Асель/OneDrive/Desktop/RSS_REACT_2025/REACT_2025_Q1/nextjs-ssr-pages-api/react_rss_2025/app/components/searchInputs/SearchButton.tsx": {"path":"C:/Users/Асель/OneDrive/Desktop/RSS_REACT_2025/REACT_2025_Q1/nextjs-ssr-pages-api/react_rss_2025/app/components/searchInputs/SearchButton.tsx","statementMap":{"0":{"start":{"line":1,"column":21},"end":{"line":4,"column":null}},"1":{"start":{"line":2,"column":2},"end":{"line":4,"column":null}}},"fnMap":{"0":{"name":"(anonymous_0)","decl":{"start":{"line":1,"column":21},"end":{"line":1,"column":null}},"loc":{"start":{"line":2,"column":2},"end":{"line":4,"column":null}}}},"branchMap":{},"s":{"0":2,"1":10},"f":{"0":10},"b":{}}
,"C:/Users/Асель/OneDrive/Desktop/RSS_REACT_2025/REACT_2025_Q1/nextjs-ssr-pages-api/react_rss_2025/app/components/searchInputs/SearchInputs.tsx": {"path":"C:/Users/Асель/OneDrive/Desktop/RSS_REACT_2025/REACT_2025_Q1/nextjs-ssr-pages-api/react_rss_2025/app/components/searchInputs/SearchInputs.tsx","statementMap":{"0":{"start":{"line":10,"column":21},"end":{"line":62,"column":null}},"1":{"start":{"line":11,"column":20},"end":{"line":11,"column":null}},"2":{"start":{"line":21,"column":6},"end":{"line":21,"column":null}},"3":{"start":{"line":22,"column":19},"end":{"line":22,"column":null}},"4":{"start":{"line":24,"column":27},"end":{"line":28,"column":null}},"5":{"start":{"line":25,"column":4},"end":{"line":25,"column":null}},"6":{"start":{"line":26,"column":4},"end":{"line":26,"column":null}},"7":{"start":{"line":27,"column":4},"end":{"line":27,"column":null}},"8":{"start":{"line":30,"column":2},"end":{"line":60,"column":null}}},"fnMap":{"0":{"name":"(anonymous_0)","decl":{"start":{"line":10,"column":21},"end":{"line":10,"column":27}},"loc":{"start":{"line":10,"column":27},"end":{"line":62,"column":null}}},"1":{"name":"(anonymous_1)","decl":{"start":{"line":24,"column":27},"end":{"line":24,"column":28}},"loc":{"start":{"line":24,"column":49},"end":{"line":28,"column":null}}}},"branchMap":{"0":{"loc":{"start":{"line":36,"column":19},"end":{"line":36,"column":null}},"type":"binary-expr","locations":[{"start":{"line":36,"column":19},"end":{"line":36,"column":31}},{"start":{"line":36,"column":31},"end":{"line":36,"column":null}}]},"1":{"loc":{"start":{"line":45,"column":19},"end":{"line":45,"column":null}},"type":"binary-expr","locations":[{"start":{"line":45,"column":19},"end":{"line":45,"column":31}},{"start":{"line":45,"column":31},"end":{"line":45,"column":null}}]},"2":{"loc":{"start":{"line":50,"column":11},"end":{"line":55,"column":null}},"type":"binary-expr","locations":[{"start":{"line":50,"column":11},"end":{"line":50,"column":null}},{"start":{"line":51,"column":12},"end":{"line":55,"column":null}}]}},"s":{"0":2,"1":10,"2":10,"3":10,"4":10,"5":0,"6":0,"7":0,"8":10},"f":{"0":10,"1":0},"b":{"0":[10,10],"1":[10,10],"2":[10,2]}}
,"C:/Users/Асель/OneDrive/Desktop/RSS_REACT_2025/REACT_2025_Q1/nextjs-ssr-pages-api/react_rss_2025/app/main_components/App.tsx": {"path":"C:/Users/Асель/OneDrive/Desktop/RSS_REACT_2025/REACT_2025_Q1/nextjs-ssr-pages-api/react_rss_2025/app/main_components/App.tsx","statementMap":{"0":{"start":{"line":4,"column":2},"end":{"line":4,"column":null}}},"fnMap":{"0":{"name":"App","decl":{"start":{"line":3,"column":24},"end":{"line":3,"column":30}},"loc":{"start":{"line":3,"column":30},"end":{"line":5,"column":null}}}},"branchMap":{},"s":{"0":0},"f":{"0":0},"b":{}}
,"C:/Users/Асель/OneDrive/Desktop/RSS_REACT_2025/REACT_2025_Q1/nextjs-ssr-pages-api/react_rss_2025/app/main_components/Layout.tsx": {"path":"C:/Users/Асель/OneDrive/Desktop/RSS_REACT_2025/REACT_2025_Q1/nextjs-ssr-pages-api/react_rss_2025/app/main_components/Layout.tsx","statementMap":{"0":{"start":{"line":11,"column":2},"end":{"line":24,"column":null}}},"fnMap":{"0":{"name":"Layout","decl":{"start":{"line":10,"column":16},"end":{"line":10,"column":23}},"loc":{"start":{"line":10,"column":50},"end":{"line":26,"column":null}}}},"branchMap":{},"s":{"0":0},"f":{"0":0},"b":{}}
,"C:/Users/Асель/OneDrive/Desktop/RSS_REACT_2025/REACT_2025_Q1/nextjs-ssr-pages-api/react_rss_2025/app/routes/Home.tsx": {"path":"C:/Users/Асель/OneDrive/Desktop/RSS_REACT_2025/REACT_2025_Q1/nextjs-ssr-pages-api/react_rss_2025/app/routes/Home.tsx","statementMap":{"0":{"start":{"line":8,"column":2},"end":{"line":21,"column":null}},"1":{"start":{"line":9,"column":16},"end":{"line":12,"column":null}},"2":{"start":{"line":14,"column":4},"end":{"line":14,"column":null}},"3":{"start":{"line":14,"column":17},"end":{"line":14,"column":null}},"4":{"start":{"line":15,"column":17},"end":{"line":15,"column":null}},"5":{"start":{"line":17,"column":4},"end":{"line":17,"column":null}},"6":{"start":{"line":19,"column":4},"end":{"line":19,"column":null}},"7":{"start":{"line":20,"column":4},"end":{"line":20,"column":null}},"8":{"start":{"line":25,"column":13},"end":{"line":25,"column":null}},"9":{"start":{"line":26,"column":2},"end":{"line":26,"column":null}},"10":{"start":{"line":29,"column":13},"end":{"line":40,"column":null}},"11":{"start":{"line":30,"column":24},"end":{"line":30,"column":null}},"12":{"start":{"line":31,"column":2},"end":{"line":33,"column":null}},"13":{"start":{"line":32,"column":4},"end":{"line":32,"column":null}},"14":{"start":{"line":35,"column":2},"end":{"line":38,"column":null}}},"fnMap":{"0":{"name":"getCats","decl":{"start":{"line":7,"column":22},"end":{"line":7,"column":79}},"loc":{"start":{"line":7,"column":79},"end":{"line":22,"column":null}}},"1":{"name":"loader","decl":{"start":{"line":24,"column":22},"end":{"line":24,"column":31}},"loc":{"start":{"line":24,"column":31},"end":{"line":27,"column":null}}},"2":{"name":"(anonymous_2)","decl":{"start":{"line":29,"column":13},"end":{"line":29,"column":19}},"loc":{"start":{"line":29,"column":19},"end":{"line":40,"column":null}}}},"branchMap":{"0":{"loc":{"start":{"line":14,"column":4},"end":{"line":14,"column":null}},"type":"if","locations":[{"start":{"line":14,"column":4},"end":{"line":14,"column":null}},{"start":{},"end":{}}]},"1":{"loc":{"start":{"line":31,"column":2},"end":{"line":33,"column":null}},"type":"if","locations":[{"start":{"line":31,"column":2},"end":{"line":33,"column":null}},{"start":{},"end":{}}]}},"s":{"0":0,"1":0,"2":0,"3":0,"4":0,"5":0,"6":0,"7":0,"8":0,"9":0,"10":0,"11":0,"12":0,"13":0,"14":0},"f":{"0":0,"1":0,"2":0},"b":{"0":[0,0],"1":[0,0]}}
,"C:/Users/Асель/OneDrive/Desktop/RSS_REACT_2025/REACT_2025_Q1/nextjs-ssr-pages-api/react_rss_2025/app/routes/404/NotFound.tsx": {"path":"C:/Users/Асель/OneDrive/Desktop/RSS_REACT_2025/REACT_2025_Q1/nextjs-ssr-pages-api/react_rss_2025/app/routes/404/NotFound.tsx","statementMap":{"0":{"start":{"line":4,"column":17},"end":{"line":15,"column":null}},"1":{"start":{"line":5,"column":2},"end":{"line":13,"column":null}}},"fnMap":{"0":{"name":"(anonymous_0)","decl":{"start":{"line":4,"column":17},"end":{"line":4,"column":23}},"loc":{"start":{"line":4,"column":23},"end":{"line":15,"column":null}}}},"branchMap":{},"s":{"0":1,"1":2},"f":{"0":2},"b":{}}
}
